2025-03-10T04:30:38+00:00 DEBUG POST: https://business-api.tiktok.com/open_api/v1.2/tbp/business_profile/store/update/

{"business_platform":"WOO_COMMERCE","external_business_id":"tt4b_woocommerce_67c4231811937","net_gmv":[{"interval":"LIFETIME","max":3500,"min":3500,"unit":"CURRENCY"}],"net_order_count":[{"interval":"LIFETIME","max":1,"min":1,"unit":"COUNT"}],"tenure":{"min":4,"max":4,"unit":"DAYS"},"extra_data":"1.3.1"}
 ajax: no
2025-03-10T04:30:39+00:00 DEBUG Tt4b_Mapi_Class::mapi_post: Response: 

HTTP/1.1 200 OK
Content-Type: application/json; charset=utf-8
Content-Length: 103
X-Api-Deprecation-Info: API for Business Version 1.3 is now live. To avoid disruption to your business, we recommend you migrate all calls to v1.3 as soon as possible. Please visit our migration guide for more details: https://ads.tiktok.com/marketing_api/docs?id=1740029169927169
X-Domain-Change-Info: We have moved to the new domain business-api.tiktok.com for API services after the Platform Upgrade on 09/30/2021. Please update all of your requests with the new domain if you haven't done so already. For more information, please visit https://ads.tiktok.com/marketing_api/docs?rid=esb88xalm6m&id=1709207085043713
X-Tt-Logid: 20250310043038FC1863FBD437AAA438F9
x-tt-trace-host: 016aefa55a53f078681e33bea1dd99c611141fa6628246e432795428414b247f1569e2aabbabee27b5e609bcd05dd25a8b05d5071381d1cbb3513520307854257215988b4f952e008cb3ada91a2680cdf6915fd84837f15f30a58e199300e5dd1e9db47e7388bed7d548421a03fa032775
x-tt-trace-id: 00-250310043038FC1863FBD437AAA438F9-535211642C4FC055-00
Server: TLB
X-Origin-Response-Time: 21,23.59.80.183
X-Akamai-Request-ID: 2146a437.363abcbe
Expires: Mon, 10 Mar 2025 04:30:39 GMT
Cache-Control: max-age=0, no-cache, no-store
Pragma: no-cache
Date: Mon, 10 Mar 2025 04:30:39 GMT
X-Cache: TCP_MISS from a23-63-111-214.deploy.akamaitechnologies.com (AkamaiGHost/11.8.3-eb2b284f4ef4b55b19ca650dad2341c7) (-)
Connection: close
X-Cache-Remote: TCP_MISS from a23-59-80-183.deploy.akamaitechnologies.com (AkamaiGHost/11.8.3-eb2b284f4ef4b55b19ca650dad2341c7) (-)
x-tt-trace-tag: id=16;cdn-cache=miss;type=dyn
Server-Timing: cdn-cache; desc=MISS, edge; dur=89, origin; dur=21
Server-Timing: inner; dur=3
X-Parent-Response-Time: 105,23.63.111.214

{"code":40104,"message":"The access_token is empty.","request_id":"20250310043038FC1863FBD437AAA438F9"}
